Arguments: 
  /usr/local/bin/node /usr/local/bin/yarn

PATH: 
  /Library/Frameworks/Python.framework/Versions/2.7/bin:/Library/Frameworks/Python.framework/Versions/3.7/bin:/Users/nn/opt/anaconda3/bin:/opt/anaconda3/bin:/Library/Frameworks/Python.framework/Versions/3.6/bin:/usr/local/bin:/usr/bin:/bin:/usr/sbin:/sbin:/usr/local/share/dotnet:~/.dotnet/tools:/Library/Frameworks/Mono.framework/Versions/Current/Commands:/Applications/Xamarin Workbooks.app/Contents/SharedSupport/path-bin:/Users/nn/Developer/flutter/bin:/Applications/Visual Studio Code.app/Contents/Resources/app/bin:/Users/nn/.android-sdk-macosx/platform-tools/

Yarn version: 
  1.22.10

Node version: 
  14.17.1

Platform: 
  darwin x64

Trace: 
  Error: https://github.com/Raynos/reducers: ETIMEDOUT
      at Timeout._onTimeout (/usr/local/lib/node_modules/yarn/lib/cli.js:141322:19)
      at listOnTimeout (internal/timers.js:557:17)
      at processTimers (internal/timers.js:500:7)

npm manifest: 
  {
    "name": "superfaceai",
    "version": "1.0.0",
    "description": "This is a Senior Project on web-based portal for Yeneta Online Tutor ",
    "main": "app.js",
    "scripts": {
      "test": "echo \"Error: no test specified\" && exit 1",
      "start": "nodemon __server__.js"
    },
    "repository": {
      "type": "git",
      "url": "git+https://github.com/Emanuel-Afro/Yeneta-Online-Tutor-Portal.git"
    },
    "author": "Amanuel Mulugeta",
    "license": "ISC",
    "bugs": {
      "url": "https://github.com/Emanuel-Afro/Yeneta-Online-Tutor-Portal/issues"
    },
    "homepage": "https://github.com/Emanuel-Afro/Yeneta-Online-Tutor-Portal#readme",
    "dependencies": {
      "bcrypt": "^5.0.1",
      "body-parser": "^1.19.2",
      "dotenv": "^16.0.1",
      "express": "^4.18.1",
      "jsonwebtoken": "^8.5.1",
      "moment": "^2.29.3",
      "mongo-client": "^0.2.1",
      "mongodb": "^4.6.0",
      "mongoose": "^6.2.8",
      "morgan": "^1.10.0",
      "ndb": "^1.1.5",
      "node-mailer": "^0.1.1",
      "nodemailer": "^6.7.3",
      "nodemon": "^2.0.15",
      "path": "^0.12.7",
      "socket.io": "^4.5.1",
      "validator": "^13.7.0",
      "validators": "^0.3.1"
    }
  }

yarn manifest: 
  No manifest

Lockfile: 
  No lockfile
